<?xml version="1.0" encoding="UTF-8"?>
<!-- Generated by org.testng.reporters.JUnitXMLReporter -->
<testsuite hostname="DESKTOP-CSB55GA" ignored="0" name="Test" tests="3" failures="3" timestamp="02 Feb 2020 06:08:27 GMT" time="20.969" errors="0">
  <testcase name="verifInvalvalidloginTC02" time="0.931" classname="Vtigertest.LoginTest">
    <failure type="java.lang.NoClassDefFoundError" message="org/openqa/selenium/internal/Locatable">
      <![CDATA[java.lang.NoClassDefFoundError: org/openqa/selenium/internal/Locatable
at org.openqa.selenium.support.pagefactory.DefaultFieldDecorator.proxyForLocator(DefaultFieldDecorator.java:101)
at org.openqa.selenium.support.pagefactory.DefaultFieldDecorator.decorate(DefaultFieldDecorator.java:62)
at org.openqa.selenium.support.PageFactory.proxyFields(PageFactory.java:113)
at org.openqa.selenium.support.PageFactory.initElements(PageFactory.java:105)
at org.openqa.selenium.support.PageFactory.initElements(PageFactory.java:92)
at org.openqa.selenium.support.PageFactory.initElements(PageFactory.java:79)
at com.vtigerpages.LoginPage.<init>(LoginPage.java:17)
at Vtigertest.LoginTest.verifInvalvalidloginTC02(LoginTest.java:47)
Caused by: java.lang.ClassNotFoundException: org.openqa.selenium.internal.Locatable
at java.net.URLClassLoader.findClass(URLClassLoader.java:381)
at java.lang.ClassLoader.loadClass(ClassLoader.java:424)
at sun.misc.Launcher$AppClassLoader.loadClass(Launcher.java:331)
at java.lang.ClassLoader.loadClass(ClassLoader.java:357)
... 33 more
... Removed 25 stack frames]]>
    </failure>
  </testcase> <!-- verifInvalvalidloginTC02 -->
  <testcase name="verifyTitaleTC01" time="0.002" classname="Vtigertest.LoginTest">
    <failure type="java.lang.NoClassDefFoundError" message="org/openqa/selenium/internal/Locatable">
      <![CDATA[java.lang.NoClassDefFoundError: org/openqa/selenium/internal/Locatable
at org.openqa.selenium.support.pagefactory.DefaultFieldDecorator.proxyForLocator(DefaultFieldDecorator.java:101)
at org.openqa.selenium.support.pagefactory.DefaultFieldDecorator.decorate(DefaultFieldDecorator.java:62)
at org.openqa.selenium.support.PageFactory.proxyFields(PageFactory.java:113)
at org.openqa.selenium.support.PageFactory.initElements(PageFactory.java:105)
at org.openqa.selenium.support.PageFactory.initElements(PageFactory.java:92)
at org.openqa.selenium.support.PageFactory.initElements(PageFactory.java:79)
at com.vtigerpages.LoginPage.<init>(LoginPage.java:17)
at Vtigertest.LoginTest.verifyTitaleTC01(LoginTest.java:36)
... Removed 25 stack frames]]>
    </failure>
  </testcase> <!-- verifyTitaleTC01 -->
  <testcase name="verifyvalidloginTC03" time="0.002" classname="Vtigertest.LoginTest">
    <failure type="java.lang.NoClassDefFoundError" message="org/openqa/selenium/internal/Locatable">
      <![CDATA[java.lang.NoClassDefFoundError: org/openqa/selenium/internal/Locatable
at org.openqa.selenium.support.pagefactory.DefaultFieldDecorator.proxyForLocator(DefaultFieldDecorator.java:101)
at org.openqa.selenium.support.pagefactory.DefaultFieldDecorator.decorate(DefaultFieldDecorator.java:62)
at org.openqa.selenium.support.PageFactory.proxyFields(PageFactory.java:113)
at org.openqa.selenium.support.PageFactory.initElements(PageFactory.java:105)
at org.openqa.selenium.support.PageFactory.initElements(PageFactory.java:92)
at org.openqa.selenium.support.PageFactory.initElements(PageFactory.java:79)
at com.vtigerpages.LoginPage.<init>(LoginPage.java:17)
at Vtigertest.LoginTest.verifyvalidloginTC03(LoginTest.java:59)
... Removed 25 stack frames]]>
    </failure>
  </testcase> <!-- verifyvalidloginTC03 -->
</testsuite> <!-- Test -->
